make: Verzeichnis »/home/kerstin/development/GKN_devel/QUAST-node_devel/quast-4.6.3/quast_libs/MUMmer« wird betreten
mkdir -p /home/kerstin/development/GKN_devel/QUAST-node_devel/quast-4.6.3/quast_libs/MUMmer/aux_bin
cd /home/kerstin/development/GKN_devel/QUAST-node_devel/quast-4.6.3/quast_libs/MUMmer/src/kurtz; make mummer
make[1]: Verzeichnis »/home/kerstin/development/GKN_devel/QUAST-node_devel/quast-4.6.3/quast_libs/MUMmer/src/kurtz« wird betreten
cd libbasedir; make libbase.a
make[2]: Verzeichnis »/home/kerstin/development/GKN_devel/QUAST-node_devel/quast-4.6.3/quast_libs/MUMmer/src/kurtz/libbasedir« wird betreten
make[2]: »libbase.a« ist bereits aktualisiert.
make[2]: Verzeichnis »/home/kerstin/development/GKN_devel/QUAST-node_devel/quast-4.6.3/quast_libs/MUMmer/src/kurtz/libbasedir« wird verlassen
cd streesrc; make libstree.a
make[2]: Verzeichnis »/home/kerstin/development/GKN_devel/QUAST-node_devel/quast-4.6.3/quast_libs/MUMmer/src/kurtz/streesrc« wird betreten
make[2]: »libstree.a« ist bereits aktualisiert.
make[2]: Verzeichnis »/home/kerstin/development/GKN_devel/QUAST-node_devel/quast-4.6.3/quast_libs/MUMmer/src/kurtz/streesrc« wird verlassen
cd mm3src; make mummer
make[2]: Verzeichnis »/home/kerstin/development/GKN_devel/QUAST-node_devel/quast-4.6.3/quast_libs/MUMmer/src/kurtz/mm3src« wird betreten
make[2]: »/home/kerstin/development/GKN_devel/QUAST-node_devel/quast-4.6.3/quast_libs/MUMmer/mummer« ist bereits aktualisiert.
make[2]: Verzeichnis »/home/kerstin/development/GKN_devel/QUAST-node_devel/quast-4.6.3/quast_libs/MUMmer/src/kurtz/mm3src« wird verlassen
make[1]: Verzeichnis »/home/kerstin/development/GKN_devel/QUAST-node_devel/quast-4.6.3/quast_libs/MUMmer/src/kurtz« wird verlassen
cd /home/kerstin/development/GKN_devel/QUAST-node_devel/quast-4.6.3/quast_libs/MUMmer/src/tigr; make all
make[1]: Verzeichnis »/home/kerstin/development/GKN_devel/QUAST-node_devel/quast-4.6.3/quast_libs/MUMmer/src/tigr« wird betreten
make[1]: Für das Ziel »all« ist nichts zu tun.
make[1]: Verzeichnis »/home/kerstin/development/GKN_devel/QUAST-node_devel/quast-4.6.3/quast_libs/MUMmer/src/tigr« wird verlassen
cd /home/kerstin/development/GKN_devel/QUAST-node_devel/quast-4.6.3/quast_libs/MUMmer/scripts; make all
make[1]: Verzeichnis »/home/kerstin/development/GKN_devel/QUAST-node_devel/quast-4.6.3/quast_libs/MUMmer/scripts« wird betreten
/bin/sed  -e 's?__CSH_PATH??g' \
		-e 's?__BIN_DIR?/home/kerstin/development/GKN_devel/QUAST-node_devel/quast-4.6.3/quast_libs/MUMmer?g' \
		-e 's?__SCRIPT_DIR?/home/kerstin/development/GKN_devel/QUAST-node_devel/quast-4.6.3/quast_libs/MUMmer/scripts?g' \
		exact-tandems.csh > /home/kerstin/development/GKN_devel/QUAST-node_devel/quast-4.6.3/quast_libs/MUMmer/exact-tandems
chmod 755 /home/kerstin/development/GKN_devel/QUAST-node_devel/quast-4.6.3/quast_libs/MUMmer/exact-tandems
/bin/sed  -e 's?__PERL_PATH?/usr/bin/perl?g' \
		-e 's?__SCRIPT_DIR?/home/kerstin/development/GKN_devel/QUAST-node_devel/quast-4.6.3/quast_libs/MUMmer/scripts?g' \
                mapview.pl > /home/kerstin/development/GKN_devel/QUAST-node_devel/quast-4.6.3/quast_libs/MUMmer/mapview
chmod 755 /home/kerstin/development/GKN_devel/QUAST-node_devel/quast-4.6.3/quast_libs/MUMmer/mapview
/bin/sed  -e 's?__PERL_PATH?/usr/bin/perl?g' \
                -e 's?__SCRIPT_DIR?/home/kerstin/development/GKN_devel/QUAST-node_devel/quast-4.6.3/quast_libs/MUMmer/scripts?g' \
                -e 's?__BIN_DIR?/home/kerstin/development/GKN_devel/QUAST-node_devel/quast-4.6.3/quast_libs/MUMmer?g' \
                mummerplot.pl > /home/kerstin/development/GKN_devel/QUAST-node_devel/quast-4.6.3/quast_libs/MUMmer/mummerplot
chmod 755 /home/kerstin/development/GKN_devel/QUAST-node_devel/quast-4.6.3/quast_libs/MUMmer/mummerplot
/bin/sed  -e 's?__PERL_PATH?/usr/bin/perl?g' \
                -e 's?__SCRIPT_DIR?/home/kerstin/development/GKN_devel/QUAST-node_devel/quast-4.6.3/quast_libs/MUMmer/scripts?g' \
                -e 's?__AUX_BIN_DIR?/home/kerstin/development/GKN_devel/QUAST-node_devel/quast-4.6.3/quast_libs/MUMmer/aux_bin?g' \
                -e 's?__BIN_DIR?/home/kerstin/development/GKN_devel/QUAST-node_devel/quast-4.6.3/quast_libs/MUMmer?g' \
                 nucmer.pl > /home/kerstin/development/GKN_devel/QUAST-node_devel/quast-4.6.3/quast_libs/MUMmer/nucmer
chmod 755 /home/kerstin/development/GKN_devel/QUAST-node_devel/quast-4.6.3/quast_libs/MUMmer/nucmer
/bin/sed  -e 's?__PERL_PATH?/usr/bin/perl?g' \
                -e 's?__SCRIPT_DIR?/home/kerstin/development/GKN_devel/QUAST-node_devel/quast-4.6.3/quast_libs/MUMmer/scripts?g' \
                -e 's?__AUX_BIN_DIR?/home/kerstin/development/GKN_devel/QUAST-node_devel/quast-4.6.3/quast_libs/MUMmer/aux_bin?g' \
                -e 's?__BIN_DIR?/home/kerstin/development/GKN_devel/QUAST-node_devel/quast-4.6.3/quast_libs/MUMmer?g' \
                promer.pl > /home/kerstin/development/GKN_devel/QUAST-node_devel/quast-4.6.3/quast_libs/MUMmer/promer
chmod 755 /home/kerstin/development/GKN_devel/QUAST-node_devel/quast-4.6.3/quast_libs/MUMmer/promer
/bin/sed  -e 's?__CSH_PATH??g' \
		-e 's?__BIN_DIR?/home/kerstin/development/GKN_devel/QUAST-node_devel/quast-4.6.3/quast_libs/MUMmer?g' \
		run-mummer1.csh > /home/kerstin/development/GKN_devel/QUAST-node_devel/quast-4.6.3/quast_libs/MUMmer/run-mummer1
chmod 755 /home/kerstin/development/GKN_devel/QUAST-node_devel/quast-4.6.3/quast_libs/MUMmer/run-mummer1
/bin/sed  -e 's?__CSH_PATH??g' \
		-e 's?__BIN_DIR?/home/kerstin/development/GKN_devel/QUAST-node_devel/quast-4.6.3/quast_libs/MUMmer?g' \
		run-mummer3.csh > /home/kerstin/development/GKN_devel/QUAST-node_devel/quast-4.6.3/quast_libs/MUMmer/run-mummer3
chmod 755 /home/kerstin/development/GKN_devel/QUAST-node_devel/quast-4.6.3/quast_libs/MUMmer/run-mummer3
/bin/sed  -e 's?__PERL_PATH?/usr/bin/perl?g' \
		nucmer2xfig.pl > /home/kerstin/development/GKN_devel/QUAST-node_devel/quast-4.6.3/quast_libs/MUMmer/nucmer2xfig
chmod 755 /home/kerstin/development/GKN_devel/QUAST-node_devel/quast-4.6.3/quast_libs/MUMmer/nucmer2xfig
/bin/sed -e 's?__PERL_PATH?/usr/bin/perl?g' \
               -e 's?__SCRIPT_DIR?/home/kerstin/development/GKN_devel/QUAST-node_devel/quast-4.6.3/quast_libs/MUMmer/scripts?g' \
               -e 's?__BIN_DIR?/home/kerstin/development/GKN_devel/QUAST-node_devel/quast-4.6.3/quast_libs/MUMmer?g' \
                 dnadiff.pl > /home/kerstin/development/GKN_devel/QUAST-node_devel/quast-4.6.3/quast_libs/MUMmer/dnadiff
chmod 755 /home/kerstin/development/GKN_devel/QUAST-node_devel/quast-4.6.3/quast_libs/MUMmer/dnadiff
make[1]: Verzeichnis »/home/kerstin/development/GKN_devel/QUAST-node_devel/quast-4.6.3/quast_libs/MUMmer/scripts« wird verlassen
make: Verzeichnis »/home/kerstin/development/GKN_devel/QUAST-node_devel/quast-4.6.3/quast_libs/MUMmer« wird verlassen
