command.c: In function ‘do_system’:
command.c:2784:5: warning: ignoring return value of ‘system’, declared with attribute warn_unused_result [-Wunused-result]
     system(cmd);
     ^~~~~~~~~~~
In file included from command.h:41:0,
                 from command.c:72:
command.c: In function ‘pwd_command’:
stdfn.h:349:34: warning: ignoring return value of ‘getcwd’, declared with attribute warn_unused_result [-Wunused-result]
 #     define GP_GETCWD(path,len) getcwd (path, len)
                                  ^~~~~~~~~~~~~~~~~~
command.c:1763:2: note: in expansion of macro ‘GP_GETCWD’
  GP_GETCWD(save_file, PATH_MAX);
  ^~~~~~~~~
In file included from alloc.h:44:0,
                 from eval.c:44:
eval.c: In function ‘update_gpval_variables’:
stdfn.h:349:34: warning: ignoring return value of ‘getcwd’, declared with attribute warn_unused_result [-Wunused-result]
 #     define GP_GETCWD(path,len) getcwd (path, len)
                                  ^~~~~~~~~~~~~~~~~~
eval.c:1005:6: note: in expansion of macro ‘GP_GETCWD’
      GP_GETCWD(save_file, PATH_MAX);
      ^~~~~~~~~
plot.c: In function ‘main’:
plot.c:282:5: warning: ignoring return value of ‘setuid’, declared with attribute warn_unused_result [-Wunused-result]
     setuid(getuid());
     ^~~~~~~~~~~~~~~~
In file included from term.h:335:0,
                 from term.c:1202:
../term/tkcanvas.trm: In function ‘TK_graphics’:
../term/tkcanvas.trm:559:5: warning: ignoring return value of ‘ftruncate’, declared with attribute warn_unused_result [-Wunused-result]
     ftruncate(fileno(gpoutfile), (off_t)0);
     ^~~~~~~~~~~~~~~~~~~~~~~~~~~~~~~~~~~~~~
In file included from term.h:322:0,
                 from term.c:1202:
../term/post.trm: In function ‘PS_options’:
../term/post.trm:1209:33: warning: ‘%g’ directive writing between 1 and 13 bytes into a region of size between 0 and 50 [-Wformat-overflow=]
     sprintf(PS_default_font,"%s,%g",ps_params->font,ps_fontsize);
                                 ^~
../term/post.trm:1209:29: note: assuming directive output of 12 bytes
     sprintf(PS_default_font,"%s,%g",ps_params->font,ps_fontsize);
                             ^~~~~~~
In file included from /usr/include/stdio.h:937:0,
                 from stdfn.h:50,
                 from term_api.h:43,
                 from term.c:77:
/usr/include/x86_64-linux-gnu/bits/stdio2.h:33:10: note: ‘__builtin___sprintf_chk’ output between 3 and 65 bytes into a destination of size 51
   return __builtin___sprintf_chk (__s, __USE_FORTIFY_LEVEL - 1,
          ^~~~~~~~~~~~~~~~~~~~~~~~~~~~~~~~~~~~~~~~~~~~~~~~~~~~~~
       __bos (__s), __fmt, __va_arg_pack ());
       ~~~~~~~~~~~~~~~~~~~~~~~~~~~~~~~~~~~~~
variable.c: In function ‘fontpath_handler’:
variable.c:399:5: warning: ignoring return value of ‘fgets’, declared with attribute warn_unused_result [-Wunused-result]
     fgets(envval,255,fcmd);
     ^~~~~~~~~~~~~~~~~~~~~~
gplt_x11.c: In function ‘main’:
gplt_x11.c:768:2: warning: ignoring return value of ‘freopen’, declared with attribute warn_unused_result [-Wunused-result]
  freopen("/dev/null", "w", stderr);
  ^~~~~~~~~~~~~~~~~~~~~~~~~~~~~~~~~
gplt_x11.c: In function ‘process_event’:
gplt_x11.c:4679:12: warning: ignoring return value of ‘system’, declared with attribute warn_unused_result [-Wunused-result]
   if (cmd) system(cmd);
            ^~~~~~~~~~~
gplt_x11.c: In function ‘getMultiTabConsoleSwitchCommand’:
gplt_x11.c:4404:3: warning: ignoring return value of ‘fscanf’, declared with attribute warn_unused_result [-Wunused-result]
   fscanf(p, "%lu", &w);
   ^~~~~~~~~~~~~~~~~~~~
gplt_x11.c: In function ‘main’:
gplt_x11.c:1621:23: warning: ‘%3u’ directive writing between 3 and 10 bytes into a region of size 5 [-Wformat-overflow=]
   sprintf(cmapidx+1, "%3u%c", cm_index, '\0');
                       ^~~
gplt_x11.c:1621:22: note: directive argument in the range [0, 2147483647]
   sprintf(cmapidx+1, "%3u%c", cm_index, '\0');
                      ^~~~~~~
In file included from /usr/include/stdio.h:937:0,
                 from stdfn.h:50,
                 from gplt_x11.c:119:
/usr/include/x86_64-linux-gnu/bits/stdio2.h:33:10: note: ‘__builtin___sprintf_chk’ output between 5 and 12 bytes into a destination of size 5
   return __builtin___sprintf_chk (__s, __USE_FORTIFY_LEVEL - 1,
          ^~~~~~~~~~~~~~~~~~~~~~~~~~~~~~~~~~~~~~~~~~~~~~~~~~~~~~
       __bos (__s), __fmt, __va_arg_pack ());
       ~~~~~~~~~~~~~~~~~~~~~~~~~~~~~~~~~~~~~
